<?xml version="1.0" encoding="UTF-8"?>
<Site BuildName="(empty)"
	BuildStamp="20240607-1037-Experimental"
	Name="(empty)"
	Generator="ctest-3.29.4"
	CompilerName=""
	CompilerVersion=""
	OSName="Windows"
	Hostname="LP-Leveno"
	OSRelease=" Professional"
	OSVersion=" (Build 22631)"
	OSPlatform="AMD64"
	Is64Bits="1"
	VendorString="AuthenticAMD"
	VendorID="Advanced Micro Devices"
	FamilyID="15"
	ModelID="4"
	ProcessorCacheSize="64"
	NumberOfLogicalCPU="16"
	NumberOfPhysicalCPU="8"
	TotalVirtualMemory="34010"
	TotalPhysicalMemory="28356"
	LogicalProcessorsPerPhysical="2"
	ProcessorClockFrequency="3792"
	>
	<Testing>
		<StartDateTime>Jun 07 18:37 China Standard Time</StartDateTime>
		<StartTestTime>1717756677</StartTestTime>
		<TestList/>
		<EndDateTime>Jun 07 18:37 China Standard Time</EndDateTime>
		<EndTestTime>1717756677</EndTestTime>
		<ElapsedMinutes>0</ElapsedMinutes>
	</Testing>
</Site>
